<?xml version="1.0" encoding="UTF-8"?>
<testng-results ignored="0" total="2" passed="2" failed="0" skipped="0">
  <reporter-output>
  </reporter-output>
  <suite started-at="2025-08-20T10:44:14 IST" name="Default suite" finished-at="2025-08-20T10:45:48 IST" duration-ms="94131">
    <groups>
    </groups>
    <test started-at="2025-08-20T10:44:14 IST" name="Default test" finished-at="2025-08-20T10:45:48 IST" duration-ms="94131">
      <class name="Assign.Jpetstore">
        <test-method is-config="true" signature="beforeTest()[pri:0, instance:Assign.Jpetstore@4b29d1d2]" started-at="2025-08-20T10:44:14 IST" name="beforeTest" finished-at="2025-08-20T10:44:23 IST" duration-ms="8940" status="PASS">
          <reporter-output>
          </reporter-output>
        </test-method> <!-- beforeTest -->
        <test-method signature="registernow()[pri:1, instance:Assign.Jpetstore@4b29d1d2]" started-at="2025-08-20T10:44:23 IST" name="registernow" finished-at="2025-08-20T10:45:32 IST" duration-ms="68882" status="PASS">
          <reporter-output>
          </reporter-output>
        </test-method> <!-- registernow -->
        <test-method signature="signin()[pri:2, instance:Assign.Jpetstore@4b29d1d2]" started-at="2025-08-20T10:45:32 IST" name="signin" finished-at="2025-08-20T10:45:46 IST" duration-ms="13784" status="PASS">
          <reporter-output>
          </reporter-output>
        </test-method> <!-- signin -->
        <test-method is-config="true" signature="afterTest()[pri:0, instance:Assign.Jpetstore@4b29d1d2]" started-at="2025-08-20T10:45:46 IST" name="afterTest" finished-at="2025-08-20T10:45:48 IST" duration-ms="2413" status="PASS">
          <reporter-output>
          </reporter-output>
        </test-method> <!-- afterTest -->
      </class> <!-- Assign.Jpetstore -->
    </test> <!-- Default test -->
  </suite> <!-- Default suite -->
</testng-results>
